[10/01/2018 09:49:34AM] INFO - ==== Loading "Xdebug Client.sublime-package" package ====
[10/01/2018 09:49:55AM] WARNING - scsslint: Defining 'cls.syntax' has been deprecated. Use http://www.sublimelinter.com/en/stable/linter_settings.html#selector
[10/01/2018 09:50:00AM] WARNING - TypeScript plugin initialized.
[10/02/2018 09:44:13AM] WARNING - Invalid option ""3"" for rule max-empty-lines
[10/02/2018 09:44:13AM] WARNING - Invalid option ""3"" for rule max-empty-lines
[10/02/2018 02:41:59PM] WARNING - stylelint cannot locate 'stylelint'
[10/02/2018 02:41:59PM] WARNING - 
Oops! Something went wrong! :(

ESLint: 4.18.2.
ESLint couldn't find a configuration file. To set up a configuration file for this project, please run:

    eslint --init

ESLint looked for configuration files in /Users/sebastian/dev/pwh-cli and its ancestors. If it found none, it then looked in your home directory.

If you think you already have a configuration file or if you need more help, please stop by the ESLint chat room: https://gitter.im/eslint/eslint


[10/02/2018 03:03:44PM] WARNING - stylelint cannot locate 'stylelint'
[10/02/2018 03:03:44PM] WARNING - 
Oops! Something went wrong! :(

ESLint: 4.18.2.
ESLint couldn't find a configuration file. To set up a configuration file for this project, please run:

    eslint --init

ESLint looked for configuration files in /Users/sebastian/dev/pwh-cli and its ancestors. If it found none, it then looked in your home directory.

If you think you already have a configuration file or if you need more help, please stop by the ESLint chat room: https://gitter.im/eslint/eslint


[10/02/2018 03:04:37PM] WARNING - stylelint cannot locate 'stylelint'
[10/02/2018 03:04:38PM] WARNING - stylelint cannot locate 'stylelint'
[10/02/2018 03:04:38PM] WARNING - stylelint cannot locate 'stylelint'
[10/02/2018 03:04:38PM] WARNING - 
Oops! Something went wrong! :(

ESLint: 4.18.2.
ESLint couldn't find a configuration file. To set up a configuration file for this project, please run:

    eslint --init

ESLint looked for configuration files in /Users/sebastian/dev/pwh-cli and its ancestors. If it found none, it then looked in your home directory.

If you think you already have a configuration file or if you need more help, please stop by the ESLint chat room: https://gitter.im/eslint/eslint


[10/02/2018 03:05:58PM] WARNING - stylelint cannot locate 'stylelint'
[10/02/2018 03:05:58PM] WARNING - 
Oops! Something went wrong! :(

ESLint: 4.18.2.
ESLint couldn't find a configuration file. To set up a configuration file for this project, please run:

    eslint --init

ESLint looked for configuration files in /Users/sebastian/dev/pwh-cli and its ancestors. If it found none, it then looked in your home directory.

If you think you already have a configuration file or if you need more help, please stop by the ESLint chat room: https://gitter.im/eslint/eslint


[10/02/2018 03:06:00PM] WARNING - stylelint cannot locate 'stylelint'
[10/02/2018 03:06:01PM] WARNING - stylelint cannot locate 'stylelint'
[10/02/2018 03:06:02PM] WARNING - stylelint cannot locate 'stylelint'
[10/02/2018 03:06:02PM] WARNING - 
Oops! Something went wrong! :(

ESLint: 4.18.2.
ESLint couldn't find a configuration file. To set up a configuration file for this project, please run:

    eslint --init

ESLint looked for configuration files in /Users/sebastian/dev/pwh-cli and its ancestors. If it found none, it then looked in your home directory.

If you think you already have a configuration file or if you need more help, please stop by the ESLint chat room: https://gitter.im/eslint/eslint


[10/02/2018 03:06:02PM] WARNING - stylelint cannot locate 'stylelint'
[10/02/2018 03:06:02PM] WARNING - stylelint cannot locate 'stylelint'
[10/02/2018 03:06:03PM] WARNING - 
Oops! Something went wrong! :(

ESLint: 4.18.2.
ESLint couldn't find a configuration file. To set up a configuration file for this project, please run:

    eslint --init

ESLint looked for configuration files in /Users/sebastian/dev/pwh-cli and its ancestors. If it found none, it then looked in your home directory.

If you think you already have a configuration file or if you need more help, please stop by the ESLint chat room: https://gitter.im/eslint/eslint


[10/02/2018 03:06:03PM] WARNING - stylelint cannot locate 'stylelint'
[10/02/2018 03:06:04PM] WARNING - 
Oops! Something went wrong! :(

ESLint: 4.18.2.
ESLint couldn't find a configuration file. To set up a configuration file for this project, please run:

    eslint --init

ESLint looked for configuration files in /Users/sebastian/dev/pwh-cli and its ancestors. If it found none, it then looked in your home directory.

If you think you already have a configuration file or if you need more help, please stop by the ESLint chat room: https://gitter.im/eslint/eslint


[10/02/2018 03:06:05PM] WARNING - stylelint cannot locate 'stylelint'
[10/02/2018 03:06:06PM] WARNING - stylelint cannot locate 'stylelint'
[10/02/2018 03:06:06PM] WARNING - stylelint cannot locate 'stylelint'
[10/02/2018 03:06:06PM] WARNING - stylelint cannot locate 'stylelint'
[10/02/2018 03:06:07PM] WARNING - stylelint cannot locate 'stylelint'
[10/02/2018 03:06:07PM] WARNING - stylelint cannot locate 'stylelint'
[10/02/2018 03:06:07PM] WARNING - 
Oops! Something went wrong! :(

ESLint: 4.18.2.
ESLint couldn't find a configuration file. To set up a configuration file for this project, please run:

    eslint --init

ESLint looked for configuration files in /Users/sebastian/dev/pwh-cli and its ancestors. If it found none, it then looked in your home directory.

If you think you already have a configuration file or if you need more help, please stop by the ESLint chat room: https://gitter.im/eslint/eslint


[10/02/2018 03:06:08PM] WARNING - stylelint cannot locate 'stylelint'
[10/02/2018 03:06:08PM] WARNING - stylelint cannot locate 'stylelint'
[10/02/2018 03:06:08PM] WARNING - 
Oops! Something went wrong! :(

ESLint: 4.18.2.
ESLint couldn't find a configuration file. To set up a configuration file for this project, please run:

    eslint --init

ESLint looked for configuration files in /Users/sebastian/dev/pwh-cli and its ancestors. If it found none, it then looked in your home directory.

If you think you already have a configuration file or if you need more help, please stop by the ESLint chat room: https://gitter.im/eslint/eslint


[10/02/2018 03:06:28PM] WARNING - stylelint cannot locate 'stylelint'
[10/02/2018 03:06:29PM] WARNING - 
Oops! Something went wrong! :(

ESLint: 4.18.2.
ESLint couldn't find a configuration file. To set up a configuration file for this project, please run:

    eslint --init

ESLint looked for configuration files in /Users/sebastian/dev/pwh-cli and its ancestors. If it found none, it then looked in your home directory.

If you think you already have a configuration file or if you need more help, please stop by the ESLint chat room: https://gitter.im/eslint/eslint


[10/02/2018 03:06:30PM] WARNING - stylelint cannot locate 'stylelint'
[10/02/2018 03:06:30PM] WARNING - stylelint cannot locate 'stylelint'
[10/02/2018 03:06:30PM] WARNING - 
Oops! Something went wrong! :(

ESLint: 4.18.2.
ESLint couldn't find a configuration file. To set up a configuration file for this project, please run:

    eslint --init

ESLint looked for configuration files in /Users/sebastian/dev/pwh-cli and its ancestors. If it found none, it then looked in your home directory.

If you think you already have a configuration file or if you need more help, please stop by the ESLint chat room: https://gitter.im/eslint/eslint


[10/02/2018 03:06:45PM] WARNING - stylelint cannot locate 'stylelint'
[10/02/2018 03:06:46PM] WARNING - 
Oops! Something went wrong! :(

ESLint: 4.18.2.
ESLint couldn't find a configuration file. To set up a configuration file for this project, please run:

    eslint --init

ESLint looked for configuration files in /Users/sebastian/dev/pwh-cli and its ancestors. If it found none, it then looked in your home directory.

If you think you already have a configuration file or if you need more help, please stop by the ESLint chat room: https://gitter.im/eslint/eslint


[10/02/2018 03:06:46PM] WARNING - stylelint cannot locate 'stylelint'
[10/02/2018 03:06:47PM] WARNING - 
Oops! Something went wrong! :(

ESLint: 4.18.2.
ESLint couldn't find a configuration file. To set up a configuration file for this project, please run:

    eslint --init

ESLint looked for configuration files in /Users/sebastian/dev/pwh-cli and its ancestors. If it found none, it then looked in your home directory.

If you think you already have a configuration file or if you need more help, please stop by the ESLint chat room: https://gitter.im/eslint/eslint


[10/02/2018 03:06:51PM] WARNING - stylelint cannot locate 'stylelint'
[10/02/2018 03:06:51PM] WARNING - 
Oops! Something went wrong! :(

ESLint: 4.18.2.
ESLint couldn't find a configuration file. To set up a configuration file for this project, please run:

    eslint --init

ESLint looked for configuration files in /Users/sebastian/dev/pwh-cli and its ancestors. If it found none, it then looked in your home directory.

If you think you already have a configuration file or if you need more help, please stop by the ESLint chat room: https://gitter.im/eslint/eslint


[10/02/2018 03:06:51PM] WARNING - stylelint cannot locate 'stylelint'
[10/02/2018 03:06:51PM] WARNING - stylelint cannot locate 'stylelint'
[10/02/2018 03:06:52PM] WARNING - stylelint cannot locate 'stylelint'
[10/02/2018 03:06:52PM] WARNING - stylelint cannot locate 'stylelint'
[10/02/2018 03:06:52PM] WARNING - stylelint cannot locate 'stylelint'
[10/02/2018 03:06:52PM] WARNING - 
Oops! Something went wrong! :(

ESLint: 4.18.2.
ESLint couldn't find a configuration file. To set up a configuration file for this project, please run:

    eslint --init

ESLint looked for configuration files in /Users/sebastian/dev/pwh-cli and its ancestors. If it found none, it then looked in your home directory.

If you think you already have a configuration file or if you need more help, please stop by the ESLint chat room: https://gitter.im/eslint/eslint


[10/02/2018 03:06:57PM] WARNING - stylelint cannot locate 'stylelint'
[10/02/2018 03:06:57PM] WARNING - 
Oops! Something went wrong! :(

ESLint: 4.18.2.
ESLint couldn't find a configuration file. To set up a configuration file for this project, please run:

    eslint --init

ESLint looked for configuration files in /Users/sebastian/dev/pwh-cli and its ancestors. If it found none, it then looked in your home directory.

If you think you already have a configuration file or if you need more help, please stop by the ESLint chat room: https://gitter.im/eslint/eslint


[10/02/2018 03:07:04PM] WARNING - stylelint cannot locate 'stylelint'
[10/02/2018 03:07:05PM] WARNING - stylelint cannot locate 'stylelint'
[10/02/2018 03:07:05PM] WARNING - stylelint cannot locate 'stylelint'
[10/02/2018 03:07:06PM] WARNING - 
Oops! Something went wrong! :(

ESLint: 4.18.2.
ESLint couldn't find a configuration file. To set up a configuration file for this project, please run:

    eslint --init

ESLint looked for configuration files in /Users/sebastian/dev/pwh-cli and its ancestors. If it found none, it then looked in your home directory.

If you think you already have a configuration file or if you need more help, please stop by the ESLint chat room: https://gitter.im/eslint/eslint


[10/02/2018 03:07:09PM] WARNING - stylelint cannot locate 'stylelint'
[10/02/2018 03:07:09PM] WARNING - stylelint cannot locate 'stylelint'
[10/02/2018 03:07:09PM] WARNING - stylelint cannot locate 'stylelint'
[10/02/2018 03:07:10PM] WARNING - stylelint cannot locate 'stylelint'
[10/02/2018 03:07:10PM] WARNING - stylelint cannot locate 'stylelint'
[10/02/2018 03:07:10PM] WARNING - 
Oops! Something went wrong! :(

ESLint: 4.18.2.
ESLint couldn't find a configuration file. To set up a configuration file for this project, please run:

    eslint --init

ESLint looked for configuration files in /Users/sebastian/dev/pwh-cli and its ancestors. If it found none, it then looked in your home directory.

If you think you already have a configuration file or if you need more help, please stop by the ESLint chat room: https://gitter.im/eslint/eslint


[10/02/2018 03:07:10PM] WARNING - stylelint cannot locate 'stylelint'
[10/02/2018 03:07:11PM] WARNING - stylelint cannot locate 'stylelint'
[10/02/2018 03:07:11PM] WARNING - 
Oops! Something went wrong! :(

ESLint: 4.18.2.
ESLint couldn't find a configuration file. To set up a configuration file for this project, please run:

    eslint --init

ESLint looked for configuration files in /Users/sebastian/dev/pwh-cli and its ancestors. If it found none, it then looked in your home directory.

If you think you already have a configuration file or if you need more help, please stop by the ESLint chat room: https://gitter.im/eslint/eslint


[10/02/2018 03:07:11PM] WARNING - stylelint cannot locate 'stylelint'
[10/02/2018 03:07:11PM] WARNING - stylelint cannot locate 'stylelint'
[10/02/2018 03:07:12PM] WARNING - 
Oops! Something went wrong! :(

ESLint: 4.18.2.
ESLint couldn't find a configuration file. To set up a configuration file for this project, please run:

    eslint --init

ESLint looked for configuration files in /Users/sebastian/dev/pwh-cli and its ancestors. If it found none, it then looked in your home directory.

If you think you already have a configuration file or if you need more help, please stop by the ESLint chat room: https://gitter.im/eslint/eslint


[10/02/2018 03:07:13PM] WARNING - stylelint cannot locate 'stylelint'
[10/02/2018 03:07:13PM] WARNING - stylelint cannot locate 'stylelint'
[10/02/2018 03:07:14PM] WARNING - stylelint cannot locate 'stylelint'
[10/02/2018 03:07:14PM] WARNING - 
Oops! Something went wrong! :(

ESLint: 4.18.2.
ESLint couldn't find a configuration file. To set up a configuration file for this project, please run:

    eslint --init

ESLint looked for configuration files in /Users/sebastian/dev/pwh-cli and its ancestors. If it found none, it then looked in your home directory.

If you think you already have a configuration file or if you need more help, please stop by the ESLint chat room: https://gitter.im/eslint/eslint


[10/02/2018 03:09:10PM] WARNING - stylelint cannot locate 'stylelint'
[10/02/2018 03:09:10PM] WARNING - 
Oops! Something went wrong! :(

ESLint: 4.18.2.
ESLint couldn't find a configuration file. To set up a configuration file for this project, please run:

    eslint --init

ESLint looked for configuration files in /Users/sebastian/dev/pwh-cli and its ancestors. If it found none, it then looked in your home directory.

If you think you already have a configuration file or if you need more help, please stop by the ESLint chat room: https://gitter.im/eslint/eslint


[10/02/2018 03:09:14PM] WARNING - stylelint cannot locate 'stylelint'
[10/02/2018 03:09:14PM] WARNING - 
Oops! Something went wrong! :(

ESLint: 4.18.2.
ESLint couldn't find a configuration file. To set up a configuration file for this project, please run:

    eslint --init

ESLint looked for configuration files in /Users/sebastian/dev/pwh-cli and its ancestors. If it found none, it then looked in your home directory.

If you think you already have a configuration file or if you need more help, please stop by the ESLint chat room: https://gitter.im/eslint/eslint


[10/02/2018 03:09:15PM] WARNING - stylelint cannot locate 'stylelint'
[10/02/2018 03:09:15PM] WARNING - 
Oops! Something went wrong! :(

ESLint: 4.18.2.
ESLint couldn't find a configuration file. To set up a configuration file for this project, please run:

    eslint --init

ESLint looked for configuration files in /Users/sebastian/dev/pwh-cli and its ancestors. If it found none, it then looked in your home directory.

If you think you already have a configuration file or if you need more help, please stop by the ESLint chat room: https://gitter.im/eslint/eslint


[10/02/2018 03:09:16PM] WARNING - stylelint cannot locate 'stylelint'
[10/02/2018 03:09:16PM] WARNING - 
Oops! Something went wrong! :(

ESLint: 4.18.2.
ESLint couldn't find a configuration file. To set up a configuration file for this project, please run:

    eslint --init

ESLint looked for configuration files in /Users/sebastian/dev/pwh-cli and its ancestors. If it found none, it then looked in your home directory.

If you think you already have a configuration file or if you need more help, please stop by the ESLint chat room: https://gitter.im/eslint/eslint


[10/02/2018 03:09:17PM] WARNING - stylelint cannot locate 'stylelint'
[10/02/2018 03:09:17PM] WARNING - stylelint cannot locate 'stylelint'
[10/02/2018 03:09:17PM] WARNING - stylelint cannot locate 'stylelint'
[10/02/2018 03:09:18PM] WARNING - stylelint cannot locate 'stylelint'
[10/02/2018 03:09:18PM] WARNING - stylelint cannot locate 'stylelint'
[10/02/2018 03:09:18PM] WARNING - 
Oops! Something went wrong! :(

ESLint: 4.18.2.
ESLint couldn't find a configuration file. To set up a configuration file for this project, please run:

    eslint --init

ESLint looked for configuration files in /Users/sebastian/dev/pwh-cli and its ancestors. If it found none, it then looked in your home directory.

If you think you already have a configuration file or if you need more help, please stop by the ESLint chat room: https://gitter.im/eslint/eslint


[10/02/2018 03:09:21PM] WARNING - stylelint cannot locate 'stylelint'
[10/02/2018 03:09:21PM] WARNING - 
Oops! Something went wrong! :(

ESLint: 4.18.2.
ESLint couldn't find a configuration file. To set up a configuration file for this project, please run:

    eslint --init

ESLint looked for configuration files in /Users/sebastian/dev/pwh-cli and its ancestors. If it found none, it then looked in your home directory.

If you think you already have a configuration file or if you need more help, please stop by the ESLint chat room: https://gitter.im/eslint/eslint


[10/02/2018 03:09:21PM] WARNING - stylelint cannot locate 'stylelint'
[10/02/2018 03:09:21PM] WARNING - 
Oops! Something went wrong! :(

ESLint: 4.18.2.
ESLint couldn't find a configuration file. To set up a configuration file for this project, please run:

    eslint --init

ESLint looked for configuration files in /Users/sebastian/dev/pwh-cli and its ancestors. If it found none, it then looked in your home directory.

If you think you already have a configuration file or if you need more help, please stop by the ESLint chat room: https://gitter.im/eslint/eslint


[10/02/2018 03:09:23PM] WARNING - stylelint cannot locate 'stylelint'
[10/02/2018 03:09:24PM] WARNING - 
Oops! Something went wrong! :(

ESLint: 4.18.2.
ESLint couldn't find a configuration file. To set up a configuration file for this project, please run:

    eslint --init

ESLint looked for configuration files in /Users/sebastian/dev/pwh-cli and its ancestors. If it found none, it then looked in your home directory.

If you think you already have a configuration file or if you need more help, please stop by the ESLint chat room: https://gitter.im/eslint/eslint


[10/08/2018 11:03:28AM] WARNING - stylelint cannot locate 'stylelint'
[10/08/2018 11:03:29AM] WARNING - 
Oops! Something went wrong! :(

ESLint: 4.18.2.
ESLint couldn't find a configuration file. To set up a configuration file for this project, please run:

    eslint --init

ESLint looked for configuration files in /Users/sebastian/dev/pwh-cli and its ancestors. If it found none, it then looked in your home directory.

If you think you already have a configuration file or if you need more help, please stop by the ESLint chat room: https://gitter.im/eslint/eslint


[10/08/2018 11:03:59AM] WARNING - stylelint cannot locate 'stylelint'
[10/08/2018 11:04:00AM] WARNING - stylelint cannot locate 'stylelint'
[10/08/2018 11:04:00AM] WARNING - 
Oops! Something went wrong! :(

ESLint: 4.18.2.
ESLint couldn't find a configuration file. To set up a configuration file for this project, please run:

    eslint --init

ESLint looked for configuration files in /Users/sebastian/dev/pwh-cli and its ancestors. If it found none, it then looked in your home directory.

If you think you already have a configuration file or if you need more help, please stop by the ESLint chat room: https://gitter.im/eslint/eslint


[10/08/2018 11:04:00AM] WARNING - stylelint cannot locate 'stylelint'
[10/08/2018 11:04:00AM] WARNING - 
Oops! Something went wrong! :(

ESLint: 4.18.2.
ESLint couldn't find a configuration file. To set up a configuration file for this project, please run:

    eslint --init

ESLint looked for configuration files in /Users/sebastian/dev/pwh-cli and its ancestors. If it found none, it then looked in your home directory.

If you think you already have a configuration file or if you need more help, please stop by the ESLint chat room: https://gitter.im/eslint/eslint


[10/08/2018 11:04:07AM] WARNING - stylelint cannot locate 'stylelint'
[10/08/2018 11:04:08AM] WARNING - 
Oops! Something went wrong! :(

ESLint: 4.18.2.
ESLint couldn't find a configuration file. To set up a configuration file for this project, please run:

    eslint --init

ESLint looked for configuration files in /Users/sebastian/dev/pwh-cli and its ancestors. If it found none, it then looked in your home directory.

If you think you already have a configuration file or if you need more help, please stop by the ESLint chat room: https://gitter.im/eslint/eslint


[10/08/2018 11:04:09AM] WARNING - stylelint cannot locate 'stylelint'
[10/08/2018 11:04:10AM] WARNING - stylelint cannot locate 'stylelint'
[10/08/2018 11:04:10AM] WARNING - 
Oops! Something went wrong! :(

ESLint: 4.18.2.
ESLint couldn't find a configuration file. To set up a configuration file for this project, please run:

    eslint --init

ESLint looked for configuration files in /Users/sebastian/dev/pwh-cli and its ancestors. If it found none, it then looked in your home directory.

If you think you already have a configuration file or if you need more help, please stop by the ESLint chat room: https://gitter.im/eslint/eslint


[10/08/2018 11:04:15AM] WARNING - stylelint cannot locate 'stylelint'
[10/08/2018 11:04:15AM] WARNING - 
Oops! Something went wrong! :(

ESLint: 4.18.2.
ESLint couldn't find a configuration file. To set up a configuration file for this project, please run:

    eslint --init

ESLint looked for configuration files in /Users/sebastian/dev/pwh-cli and its ancestors. If it found none, it then looked in your home directory.

If you think you already have a configuration file or if you need more help, please stop by the ESLint chat room: https://gitter.im/eslint/eslint


[10/08/2018 11:04:16AM] WARNING - stylelint cannot locate 'stylelint'
[10/08/2018 11:04:16AM] WARNING - stylelint cannot locate 'stylelint'
[10/08/2018 11:04:16AM] WARNING - 
Oops! Something went wrong! :(

ESLint: 4.18.2.
ESLint couldn't find a configuration file. To set up a configuration file for this project, please run:

    eslint --init

ESLint looked for configuration files in /Users/sebastian/dev/pwh-cli and its ancestors. If it found none, it then looked in your home directory.

If you think you already have a configuration file or if you need more help, please stop by the ESLint chat room: https://gitter.im/eslint/eslint


[10/08/2018 11:04:18AM] WARNING - stylelint cannot locate 'stylelint'
[10/08/2018 11:04:18AM] WARNING - 
Oops! Something went wrong! :(

ESLint: 4.18.2.
ESLint couldn't find a configuration file. To set up a configuration file for this project, please run:

    eslint --init

ESLint looked for configuration files in /Users/sebastian/dev/pwh-cli and its ancestors. If it found none, it then looked in your home directory.

If you think you already have a configuration file or if you need more help, please stop by the ESLint chat room: https://gitter.im/eslint/eslint


[10/08/2018 11:04:19AM] WARNING - stylelint cannot locate 'stylelint'
[10/08/2018 11:04:19AM] WARNING - 
Oops! Something went wrong! :(

ESLint: 4.18.2.
ESLint couldn't find a configuration file. To set up a configuration file for this project, please run:

    eslint --init

ESLint looked for configuration files in /Users/sebastian/dev/pwh-cli and its ancestors. If it found none, it then looked in your home directory.

If you think you already have a configuration file or if you need more help, please stop by the ESLint chat room: https://gitter.im/eslint/eslint


[10/08/2018 11:04:23AM] WARNING - stylelint cannot locate 'stylelint'
[10/08/2018 11:04:23AM] WARNING - 
Oops! Something went wrong! :(

ESLint: 4.18.2.
ESLint couldn't find a configuration file. To set up a configuration file for this project, please run:

    eslint --init

ESLint looked for configuration files in /Users/sebastian/dev/pwh-cli and its ancestors. If it found none, it then looked in your home directory.

If you think you already have a configuration file or if you need more help, please stop by the ESLint chat room: https://gitter.im/eslint/eslint


[10/08/2018 11:04:34AM] WARNING - stylelint cannot locate 'stylelint'
[10/08/2018 11:04:34AM] WARNING - 
Oops! Something went wrong! :(

ESLint: 4.18.2.
ESLint couldn't find a configuration file. To set up a configuration file for this project, please run:

    eslint --init

ESLint looked for configuration files in /Users/sebastian/dev/pwh-cli and its ancestors. If it found none, it then looked in your home directory.

If you think you already have a configuration file or if you need more help, please stop by the ESLint chat room: https://gitter.im/eslint/eslint


[10/08/2018 11:05:11AM] WARNING - stylelint cannot locate 'stylelint'
[10/08/2018 11:05:11AM] WARNING - stylelint cannot locate 'stylelint'
[10/08/2018 11:05:11AM] WARNING - stylelint cannot locate 'stylelint'
[10/08/2018 11:05:11AM] WARNING - stylelint cannot locate 'stylelint'
[10/08/2018 11:05:12AM] WARNING - stylelint cannot locate 'stylelint'
[10/08/2018 11:05:12AM] WARNING - stylelint cannot locate 'stylelint'
[10/08/2018 11:05:12AM] WARNING - 
Oops! Something went wrong! :(

ESLint: 4.18.2.
ESLint couldn't find a configuration file. To set up a configuration file for this project, please run:

    eslint --init

ESLint looked for configuration files in /Users/sebastian/dev/pwh-cli and its ancestors. If it found none, it then looked in your home directory.

If you think you already have a configuration file or if you need more help, please stop by the ESLint chat room: https://gitter.im/eslint/eslint


[10/08/2018 11:05:14AM] WARNING - stylelint cannot locate 'stylelint'
[10/08/2018 11:05:14AM] WARNING - stylelint cannot locate 'stylelint'
[10/08/2018 11:05:14AM] WARNING - stylelint cannot locate 'stylelint'
[10/08/2018 11:05:15AM] WARNING - stylelint cannot locate 'stylelint'
[10/08/2018 11:05:15AM] WARNING - 
Oops! Something went wrong! :(

ESLint: 4.18.2.
ESLint couldn't find a configuration file. To set up a configuration file for this project, please run:

    eslint --init

ESLint looked for configuration files in /Users/sebastian/dev/pwh-cli and its ancestors. If it found none, it then looked in your home directory.

If you think you already have a configuration file or if you need more help, please stop by the ESLint chat room: https://gitter.im/eslint/eslint


[10/08/2018 11:05:16AM] WARNING - stylelint cannot locate 'stylelint'
[10/08/2018 11:05:16AM] WARNING - 
Oops! Something went wrong! :(

ESLint: 4.18.2.
ESLint couldn't find a configuration file. To set up a configuration file for this project, please run:

    eslint --init

ESLint looked for configuration files in /Users/sebastian/dev/pwh-cli and its ancestors. If it found none, it then looked in your home directory.

If you think you already have a configuration file or if you need more help, please stop by the ESLint chat room: https://gitter.im/eslint/eslint


[10/08/2018 11:05:16AM] WARNING - stylelint cannot locate 'stylelint'
[10/08/2018 11:05:16AM] WARNING - 
Oops! Something went wrong! :(

ESLint: 4.18.2.
ESLint couldn't find a configuration file. To set up a configuration file for this project, please run:

    eslint --init

ESLint looked for configuration files in /Users/sebastian/dev/pwh-cli and its ancestors. If it found none, it then looked in your home directory.

If you think you already have a configuration file or if you need more help, please stop by the ESLint chat room: https://gitter.im/eslint/eslint


[10/08/2018 11:05:22AM] WARNING - stylelint cannot locate 'stylelint'
[10/08/2018 11:05:22AM] WARNING - 
Oops! Something went wrong! :(

ESLint: 4.18.2.
ESLint couldn't find a configuration file. To set up a configuration file for this project, please run:

    eslint --init

ESLint looked for configuration files in /Users/sebastian/dev/pwh-cli and its ancestors. If it found none, it then looked in your home directory.

If you think you already have a configuration file or if you need more help, please stop by the ESLint chat room: https://gitter.im/eslint/eslint


[10/08/2018 11:05:50AM] WARNING - stylelint cannot locate 'stylelint'
[10/08/2018 11:05:50AM] WARNING - 
Oops! Something went wrong! :(

ESLint: 4.18.2.
ESLint couldn't find a configuration file. To set up a configuration file for this project, please run:

    eslint --init

ESLint looked for configuration files in /Users/sebastian/dev/pwh-cli and its ancestors. If it found none, it then looked in your home directory.

If you think you already have a configuration file or if you need more help, please stop by the ESLint chat room: https://gitter.im/eslint/eslint


[10/08/2018 11:05:52AM] WARNING - stylelint cannot locate 'stylelint'
[10/08/2018 11:05:52AM] WARNING - 
Oops! Something went wrong! :(

ESLint: 4.18.2.
ESLint couldn't find a configuration file. To set up a configuration file for this project, please run:

    eslint --init

ESLint looked for configuration files in /Users/sebastian/dev/pwh-cli and its ancestors. If it found none, it then looked in your home directory.

If you think you already have a configuration file or if you need more help, please stop by the ESLint chat room: https://gitter.im/eslint/eslint


[10/08/2018 11:06:04AM] WARNING - stylelint cannot locate 'stylelint'
[10/08/2018 11:06:04AM] WARNING - stylelint cannot locate 'stylelint'
[10/08/2018 11:06:04AM] WARNING - stylelint cannot locate 'stylelint'
[10/08/2018 11:06:04AM] WARNING - 
Oops! Something went wrong! :(

ESLint: 4.18.2.
ESLint couldn't find a configuration file. To set up a configuration file for this project, please run:

    eslint --init

ESLint looked for configuration files in /Users/sebastian/dev/pwh-cli and its ancestors. If it found none, it then looked in your home directory.

If you think you already have a configuration file or if you need more help, please stop by the ESLint chat room: https://gitter.im/eslint/eslint


[10/08/2018 11:06:09AM] WARNING - stylelint cannot locate 'stylelint'
[10/08/2018 11:06:09AM] WARNING - stylelint cannot locate 'stylelint'
[10/08/2018 11:06:09AM] WARNING - 
Oops! Something went wrong! :(

ESLint: 4.18.2.
ESLint couldn't find a configuration file. To set up a configuration file for this project, please run:

    eslint --init

ESLint looked for configuration files in /Users/sebastian/dev/pwh-cli and its ancestors. If it found none, it then looked in your home directory.

If you think you already have a configuration file or if you need more help, please stop by the ESLint chat room: https://gitter.im/eslint/eslint


[10/08/2018 11:06:10AM] WARNING - stylelint cannot locate 'stylelint'
[10/08/2018 11:06:10AM] WARNING - stylelint cannot locate 'stylelint'
[10/08/2018 11:06:10AM] WARNING - 
Oops! Something went wrong! :(

ESLint: 4.18.2.
ESLint couldn't find a configuration file. To set up a configuration file for this project, please run:

    eslint --init

ESLint looked for configuration files in /Users/sebastian/dev/pwh-cli and its ancestors. If it found none, it then looked in your home directory.

If you think you already have a configuration file or if you need more help, please stop by the ESLint chat room: https://gitter.im/eslint/eslint


[10/08/2018 11:06:12AM] WARNING - stylelint cannot locate 'stylelint'
[10/08/2018 11:06:12AM] WARNING - stylelint cannot locate 'stylelint'
[10/08/2018 11:06:13AM] WARNING - stylelint cannot locate 'stylelint'
[10/08/2018 11:06:13AM] WARNING - stylelint cannot locate 'stylelint'
[10/08/2018 11:06:13AM] WARNING - stylelint cannot locate 'stylelint'
[10/08/2018 11:06:13AM] WARNING - 
Oops! Something went wrong! :(

ESLint: 4.18.2.
ESLint couldn't find a configuration file. To set up a configuration file for this project, please run:

    eslint --init

ESLint looked for configuration files in /Users/sebastian/dev/pwh-cli and its ancestors. If it found none, it then looked in your home directory.

If you think you already have a configuration file or if you need more help, please stop by the ESLint chat room: https://gitter.im/eslint/eslint


[10/08/2018 11:06:14AM] WARNING - stylelint cannot locate 'stylelint'
[10/08/2018 11:06:14AM] WARNING - 
Oops! Something went wrong! :(

ESLint: 4.18.2.
ESLint couldn't find a configuration file. To set up a configuration file for this project, please run:

    eslint --init

ESLint looked for configuration files in /Users/sebastian/dev/pwh-cli and its ancestors. If it found none, it then looked in your home directory.

If you think you already have a configuration file or if you need more help, please stop by the ESLint chat room: https://gitter.im/eslint/eslint


[10/08/2018 11:06:15AM] WARNING - stylelint cannot locate 'stylelint'
[10/08/2018 11:06:15AM] WARNING - 
Oops! Something went wrong! :(

ESLint: 4.18.2.
ESLint couldn't find a configuration file. To set up a configuration file for this project, please run:

    eslint --init

ESLint looked for configuration files in /Users/sebastian/dev/pwh-cli and its ancestors. If it found none, it then looked in your home directory.

If you think you already have a configuration file or if you need more help, please stop by the ESLint chat room: https://gitter.im/eslint/eslint


[10/08/2018 11:06:16AM] WARNING - stylelint cannot locate 'stylelint'
[10/08/2018 11:06:16AM] WARNING - 
Oops! Something went wrong! :(

ESLint: 4.18.2.
ESLint couldn't find a configuration file. To set up a configuration file for this project, please run:

    eslint --init

ESLint looked for configuration files in /Users/sebastian/dev/pwh-cli and its ancestors. If it found none, it then looked in your home directory.

If you think you already have a configuration file or if you need more help, please stop by the ESLint chat room: https://gitter.im/eslint/eslint


[10/08/2018 11:06:17AM] WARNING - stylelint cannot locate 'stylelint'
[10/08/2018 11:06:17AM] WARNING - 
Oops! Something went wrong! :(

ESLint: 4.18.2.
ESLint couldn't find a configuration file. To set up a configuration file for this project, please run:

    eslint --init

ESLint looked for configuration files in /Users/sebastian/dev/pwh-cli and its ancestors. If it found none, it then looked in your home directory.

If you think you already have a configuration file or if you need more help, please stop by the ESLint chat room: https://gitter.im/eslint/eslint


[10/08/2018 11:06:26AM] WARNING - stylelint cannot locate 'stylelint'
[10/08/2018 11:06:26AM] WARNING - 
Oops! Something went wrong! :(

ESLint: 4.18.2.
ESLint couldn't find a configuration file. To set up a configuration file for this project, please run:

    eslint --init

ESLint looked for configuration files in /Users/sebastian/dev/pwh-cli and its ancestors. If it found none, it then looked in your home directory.

If you think you already have a configuration file or if you need more help, please stop by the ESLint chat room: https://gitter.im/eslint/eslint


[10/08/2018 11:06:30AM] WARNING - stylelint cannot locate 'stylelint'
[10/08/2018 11:06:30AM] WARNING - 
Oops! Something went wrong! :(

ESLint: 4.18.2.
ESLint couldn't find a configuration file. To set up a configuration file for this project, please run:

    eslint --init

ESLint looked for configuration files in /Users/sebastian/dev/pwh-cli and its ancestors. If it found none, it then looked in your home directory.

If you think you already have a configuration file or if you need more help, please stop by the ESLint chat room: https://gitter.im/eslint/eslint


[10/08/2018 11:06:36AM] WARNING - stylelint cannot locate 'stylelint'
[10/08/2018 11:06:36AM] WARNING - 
Oops! Something went wrong! :(

ESLint: 4.18.2.
ESLint couldn't find a configuration file. To set up a configuration file for this project, please run:

    eslint --init

ESLint looked for configuration files in /Users/sebastian/dev/pwh-cli and its ancestors. If it found none, it then looked in your home directory.

If you think you already have a configuration file or if you need more help, please stop by the ESLint chat room: https://gitter.im/eslint/eslint


[10/08/2018 11:06:38AM] WARNING - stylelint cannot locate 'stylelint'
[10/08/2018 11:06:38AM] WARNING - 
Oops! Something went wrong! :(

ESLint: 4.18.2.
ESLint couldn't find a configuration file. To set up a configuration file for this project, please run:

    eslint --init

ESLint looked for configuration files in /Users/sebastian/dev/pwh-cli and its ancestors. If it found none, it then looked in your home directory.

If you think you already have a configuration file or if you need more help, please stop by the ESLint chat room: https://gitter.im/eslint/eslint


[10/08/2018 11:06:49AM] WARNING - stylelint cannot locate 'stylelint'
[10/08/2018 11:06:50AM] WARNING - 
Oops! Something went wrong! :(

ESLint: 4.18.2.
ESLint couldn't find a configuration file. To set up a configuration file for this project, please run:

    eslint --init

ESLint looked for configuration files in /Users/sebastian/dev/pwh-cli and its ancestors. If it found none, it then looked in your home directory.

If you think you already have a configuration file or if you need more help, please stop by the ESLint chat room: https://gitter.im/eslint/eslint


[10/08/2018 11:07:35AM] WARNING - stylelint cannot locate 'stylelint'
[10/08/2018 11:07:35AM] WARNING - 
Oops! Something went wrong! :(

ESLint: 4.18.2.
ESLint couldn't find a configuration file. To set up a configuration file for this project, please run:

    eslint --init

ESLint looked for configuration files in /Users/sebastian/dev/pwh-cli and its ancestors. If it found none, it then looked in your home directory.

If you think you already have a configuration file or if you need more help, please stop by the ESLint chat room: https://gitter.im/eslint/eslint


[10/08/2018 11:07:36AM] WARNING - stylelint cannot locate 'stylelint'
[10/08/2018 11:07:36AM] WARNING - 
Oops! Something went wrong! :(

ESLint: 4.18.2.
ESLint couldn't find a configuration file. To set up a configuration file for this project, please run:

    eslint --init

ESLint looked for configuration files in /Users/sebastian/dev/pwh-cli and its ancestors. If it found none, it then looked in your home directory.

If you think you already have a configuration file or if you need more help, please stop by the ESLint chat room: https://gitter.im/eslint/eslint


[10/08/2018 11:07:37AM] WARNING - stylelint cannot locate 'stylelint'
[10/08/2018 11:07:38AM] WARNING - stylelint cannot locate 'stylelint'
[10/08/2018 11:07:38AM] WARNING - stylelint cannot locate 'stylelint'
[10/08/2018 11:07:38AM] WARNING - stylelint cannot locate 'stylelint'
[10/08/2018 11:07:39AM] WARNING - 
Oops! Something went wrong! :(

ESLint: 4.18.2.
ESLint couldn't find a configuration file. To set up a configuration file for this project, please run:

    eslint --init

ESLint looked for configuration files in /Users/sebastian/dev/pwh-cli and its ancestors. If it found none, it then looked in your home directory.

If you think you already have a configuration file or if you need more help, please stop by the ESLint chat room: https://gitter.im/eslint/eslint


[10/08/2018 11:07:40AM] WARNING - stylelint cannot locate 'stylelint'
[10/08/2018 11:07:40AM] WARNING - 
Oops! Something went wrong! :(

ESLint: 4.18.2.
ESLint couldn't find a configuration file. To set up a configuration file for this project, please run:

    eslint --init

ESLint looked for configuration files in /Users/sebastian/dev/pwh-cli and its ancestors. If it found none, it then looked in your home directory.

If you think you already have a configuration file or if you need more help, please stop by the ESLint chat room: https://gitter.im/eslint/eslint


[10/08/2018 11:07:42AM] WARNING - stylelint cannot locate 'stylelint'
[10/08/2018 11:07:42AM] WARNING - 
Oops! Something went wrong! :(

ESLint: 4.18.2.
ESLint couldn't find a configuration file. To set up a configuration file for this project, please run:

    eslint --init

ESLint looked for configuration files in /Users/sebastian/dev/pwh-cli and its ancestors. If it found none, it then looked in your home directory.

If you think you already have a configuration file or if you need more help, please stop by the ESLint chat room: https://gitter.im/eslint/eslint


[10/08/2018 11:07:43AM] WARNING - stylelint cannot locate 'stylelint'
[10/08/2018 11:07:44AM] WARNING - stylelint cannot locate 'stylelint'
[10/08/2018 11:07:44AM] WARNING - 
Oops! Something went wrong! :(

ESLint: 4.18.2.
ESLint couldn't find a configuration file. To set up a configuration file for this project, please run:

    eslint --init

ESLint looked for configuration files in /Users/sebastian/dev/pwh-cli and its ancestors. If it found none, it then looked in your home directory.

If you think you already have a configuration file or if you need more help, please stop by the ESLint chat room: https://gitter.im/eslint/eslint


[10/08/2018 11:07:44AM] WARNING - stylelint cannot locate 'stylelint'
[10/08/2018 11:07:45AM] WARNING - 
Oops! Something went wrong! :(

ESLint: 4.18.2.
ESLint couldn't find a configuration file. To set up a configuration file for this project, please run:

    eslint --init

ESLint looked for configuration files in /Users/sebastian/dev/pwh-cli and its ancestors. If it found none, it then looked in your home directory.

If you think you already have a configuration file or if you need more help, please stop by the ESLint chat room: https://gitter.im/eslint/eslint


[10/08/2018 11:08:10AM] WARNING - stylelint cannot locate 'stylelint'
[10/08/2018 11:08:11AM] WARNING - 
Oops! Something went wrong! :(

ESLint: 4.18.2.
ESLint couldn't find a configuration file. To set up a configuration file for this project, please run:

    eslint --init

ESLint looked for configuration files in /Users/sebastian/dev/pwh-cli and its ancestors. If it found none, it then looked in your home directory.

If you think you already have a configuration file or if you need more help, please stop by the ESLint chat room: https://gitter.im/eslint/eslint


[10/08/2018 11:08:13AM] WARNING - stylelint cannot locate 'stylelint'
[10/08/2018 11:08:13AM] WARNING - 
Oops! Something went wrong! :(

ESLint: 4.18.2.
ESLint couldn't find a configuration file. To set up a configuration file for this project, please run:

    eslint --init

ESLint looked for configuration files in /Users/sebastian/dev/pwh-cli and its ancestors. If it found none, it then looked in your home directory.

If you think you already have a configuration file or if you need more help, please stop by the ESLint chat room: https://gitter.im/eslint/eslint


[10/08/2018 11:08:13AM] WARNING - stylelint cannot locate 'stylelint'
[10/08/2018 11:08:14AM] WARNING - 
Oops! Something went wrong! :(

ESLint: 4.18.2.
ESLint couldn't find a configuration file. To set up a configuration file for this project, please run:

    eslint --init

ESLint looked for configuration files in /Users/sebastian/dev/pwh-cli and its ancestors. If it found none, it then looked in your home directory.

If you think you already have a configuration file or if you need more help, please stop by the ESLint chat room: https://gitter.im/eslint/eslint


[10/08/2018 11:09:00AM] WARNING - stylelint cannot locate 'stylelint'
[10/08/2018 11:09:00AM] WARNING - stylelint cannot locate 'stylelint'
[10/08/2018 11:09:00AM] WARNING - 
Oops! Something went wrong! :(

ESLint: 4.18.2.
ESLint couldn't find a configuration file. To set up a configuration file for this project, please run:

    eslint --init

ESLint looked for configuration files in /Users/sebastian/dev/pwh-cli and its ancestors. If it found none, it then looked in your home directory.

If you think you already have a configuration file or if you need more help, please stop by the ESLint chat room: https://gitter.im/eslint/eslint


[10/08/2018 11:09:02AM] WARNING - stylelint cannot locate 'stylelint'
[10/08/2018 11:09:02AM] WARNING - 
Oops! Something went wrong! :(

ESLint: 4.18.2.
ESLint couldn't find a configuration file. To set up a configuration file for this project, please run:

    eslint --init

ESLint looked for configuration files in /Users/sebastian/dev/pwh-cli and its ancestors. If it found none, it then looked in your home directory.

If you think you already have a configuration file or if you need more help, please stop by the ESLint chat room: https://gitter.im/eslint/eslint


[10/08/2018 11:09:24AM] WARNING - stylelint cannot locate 'stylelint'
[10/08/2018 11:09:24AM] WARNING - stylelint cannot locate 'stylelint'
[10/08/2018 11:09:24AM] WARNING - stylelint cannot locate 'stylelint'
[10/08/2018 11:09:25AM] WARNING - stylelint cannot locate 'stylelint'
[10/08/2018 11:09:25AM] WARNING - stylelint cannot locate 'stylelint'
[10/08/2018 11:09:26AM] WARNING - stylelint cannot locate 'stylelint'
[10/08/2018 11:09:26AM] WARNING - stylelint cannot locate 'stylelint'
[10/08/2018 11:09:26AM] WARNING - stylelint cannot locate 'stylelint'
[10/08/2018 11:09:27AM] WARNING - 
Oops! Something went wrong! :(

ESLint: 4.18.2.
ESLint couldn't find a configuration file. To set up a configuration file for this project, please run:

    eslint --init

ESLint looked for configuration files in /Users/sebastian/dev/pwh-cli and its ancestors. If it found none, it then looked in your home directory.

If you think you already have a configuration file or if you need more help, please stop by the ESLint chat room: https://gitter.im/eslint/eslint


[10/08/2018 11:09:27AM] WARNING - stylelint cannot locate 'stylelint'
[10/08/2018 11:09:27AM] WARNING - stylelint cannot locate 'stylelint'
[10/08/2018 11:09:28AM] WARNING - 
Oops! Something went wrong! :(

ESLint: 4.18.2.
ESLint couldn't find a configuration file. To set up a configuration file for this project, please run:

    eslint --init

ESLint looked for configuration files in /Users/sebastian/dev/pwh-cli and its ancestors. If it found none, it then looked in your home directory.

If you think you already have a configuration file or if you need more help, please stop by the ESLint chat room: https://gitter.im/eslint/eslint


[10/08/2018 11:09:28AM] WARNING - 
Oops! Something went wrong! :(

ESLint: 4.18.2.
ESLint couldn't find a configuration file. To set up a configuration file for this project, please run:

    eslint --init

ESLint looked for configuration files in /Users/sebastian/dev/pwh-cli and its ancestors. If it found none, it then looked in your home directory.

If you think you already have a configuration file or if you need more help, please stop by the ESLint chat room: https://gitter.im/eslint/eslint


[10/08/2018 11:09:39AM] WARNING - stylelint cannot locate 'stylelint'
[10/08/2018 11:09:39AM] WARNING - 
Oops! Something went wrong! :(

ESLint: 4.18.2.
ESLint couldn't find a configuration file. To set up a configuration file for this project, please run:

    eslint --init

ESLint looked for configuration files in /Users/sebastian/dev/pwh-cli and its ancestors. If it found none, it then looked in your home directory.

If you think you already have a configuration file or if you need more help, please stop by the ESLint chat room: https://gitter.im/eslint/eslint


[10/08/2018 11:09:39AM] WARNING - stylelint cannot locate 'stylelint'
[10/08/2018 11:09:39AM] WARNING - 
Oops! Something went wrong! :(

ESLint: 4.18.2.
ESLint couldn't find a configuration file. To set up a configuration file for this project, please run:

    eslint --init

ESLint looked for configuration files in /Users/sebastian/dev/pwh-cli and its ancestors. If it found none, it then looked in your home directory.

If you think you already have a configuration file or if you need more help, please stop by the ESLint chat room: https://gitter.im/eslint/eslint


[10/08/2018 11:09:48AM] WARNING - stylelint cannot locate 'stylelint'
[10/08/2018 11:09:48AM] WARNING - stylelint cannot locate 'stylelint'
[10/08/2018 11:09:49AM] WARNING - stylelint cannot locate 'stylelint'
[10/08/2018 11:09:49AM] WARNING - 
Oops! Something went wrong! :(

ESLint: 4.18.2.
ESLint couldn't find a configuration file. To set up a configuration file for this project, please run:

    eslint --init

ESLint looked for configuration files in /Users/sebastian/dev/pwh-cli and its ancestors. If it found none, it then looked in your home directory.

If you think you already have a configuration file or if you need more help, please stop by the ESLint chat room: https://gitter.im/eslint/eslint


[10/08/2018 11:09:50AM] WARNING - stylelint cannot locate 'stylelint'
[10/08/2018 11:09:51AM] WARNING - stylelint cannot locate 'stylelint'
[10/08/2018 11:09:51AM] WARNING - stylelint cannot locate 'stylelint'
[10/08/2018 11:09:51AM] WARNING - stylelint cannot locate 'stylelint'
[10/08/2018 11:09:51AM] WARNING - stylelint cannot locate 'stylelint'
[10/08/2018 11:09:52AM] WARNING - stylelint cannot locate 'stylelint'
[10/08/2018 11:09:52AM] WARNING - stylelint cannot locate 'stylelint'
[10/08/2018 11:09:52AM] WARNING - 
Oops! Something went wrong! :(

ESLint: 4.18.2.
ESLint couldn't find a configuration file. To set up a configuration file for this project, please run:

    eslint --init

ESLint looked for configuration files in /Users/sebastian/dev/pwh-cli and its ancestors. If it found none, it then looked in your home directory.

If you think you already have a configuration file or if you need more help, please stop by the ESLint chat room: https://gitter.im/eslint/eslint


[10/08/2018 11:11:37AM] WARNING - stylelint cannot locate 'stylelint'
[10/08/2018 11:11:38AM] WARNING - stylelint cannot locate 'stylelint'
[10/08/2018 11:11:38AM] WARNING - stylelint cannot locate 'stylelint'
[10/08/2018 11:11:38AM] WARNING - stylelint cannot locate 'stylelint'
[10/08/2018 11:11:38AM] WARNING - stylelint cannot locate 'stylelint'
[10/08/2018 11:11:39AM] WARNING - 
Oops! Something went wrong! :(

ESLint: 4.18.2.
ESLint couldn't find a configuration file. To set up a configuration file for this project, please run:

    eslint --init

ESLint looked for configuration files in /Users/sebastian/dev/pwh-cli and its ancestors. If it found none, it then looked in your home directory.

If you think you already have a configuration file or if you need more help, please stop by the ESLint chat room: https://gitter.im/eslint/eslint


[10/08/2018 11:11:39AM] WARNING - stylelint cannot locate 'stylelint'
[10/08/2018 11:11:40AM] WARNING - stylelint cannot locate 'stylelint'
[10/08/2018 11:11:40AM] WARNING - 
Oops! Something went wrong! :(

ESLint: 4.18.2.
ESLint couldn't find a configuration file. To set up a configuration file for this project, please run:

    eslint --init

ESLint looked for configuration files in /Users/sebastian/dev/pwh-cli and its ancestors. If it found none, it then looked in your home directory.

If you think you already have a configuration file or if you need more help, please stop by the ESLint chat room: https://gitter.im/eslint/eslint


[10/08/2018 11:11:40AM] WARNING - stylelint cannot locate 'stylelint'
[10/08/2018 11:11:41AM] WARNING - 
Oops! Something went wrong! :(

ESLint: 4.18.2.
ESLint couldn't find a configuration file. To set up a configuration file for this project, please run:

    eslint --init

ESLint looked for configuration files in /Users/sebastian/dev/pwh-cli and its ancestors. If it found none, it then looked in your home directory.

If you think you already have a configuration file or if you need more help, please stop by the ESLint chat room: https://gitter.im/eslint/eslint


[10/08/2018 11:11:41AM] WARNING - stylelint cannot locate 'stylelint'
[10/08/2018 11:11:42AM] WARNING - stylelint cannot locate 'stylelint'
[10/08/2018 11:11:42AM] WARNING - 
Oops! Something went wrong! :(

ESLint: 4.18.2.
ESLint couldn't find a configuration file. To set up a configuration file for this project, please run:

    eslint --init

ESLint looked for configuration files in /Users/sebastian/dev/pwh-cli and its ancestors. If it found none, it then looked in your home directory.

If you think you already have a configuration file or if you need more help, please stop by the ESLint chat room: https://gitter.im/eslint/eslint


[10/08/2018 11:11:42AM] WARNING - stylelint cannot locate 'stylelint'
[10/08/2018 11:11:43AM] WARNING - 
Oops! Something went wrong! :(

ESLint: 4.18.2.
ESLint couldn't find a configuration file. To set up a configuration file for this project, please run:

    eslint --init

ESLint looked for configuration files in /Users/sebastian/dev/pwh-cli and its ancestors. If it found none, it then looked in your home directory.

If you think you already have a configuration file or if you need more help, please stop by the ESLint chat room: https://gitter.im/eslint/eslint


[10/08/2018 11:11:54AM] WARNING - stylelint cannot locate 'stylelint'
[10/08/2018 11:11:54AM] WARNING - stylelint cannot locate 'stylelint'
[10/08/2018 11:11:54AM] WARNING - stylelint cannot locate 'stylelint'
[10/08/2018 11:11:54AM] WARNING - 
Oops! Something went wrong! :(

ESLint: 4.18.2.
ESLint couldn't find a configuration file. To set up a configuration file for this project, please run:

    eslint --init

ESLint looked for configuration files in /Users/sebastian/dev/pwh-cli and its ancestors. If it found none, it then looked in your home directory.

If you think you already have a configuration file or if you need more help, please stop by the ESLint chat room: https://gitter.im/eslint/eslint


[10/08/2018 11:11:54AM] WARNING - 
Oops! Something went wrong! :(

ESLint: 4.18.2.
ESLint couldn't find a configuration file. To set up a configuration file for this project, please run:

    eslint --init

ESLint looked for configuration files in /Users/sebastian/dev/pwh-cli and its ancestors. If it found none, it then looked in your home directory.

If you think you already have a configuration file or if you need more help, please stop by the ESLint chat room: https://gitter.im/eslint/eslint


[10/08/2018 11:12:18AM] WARNING - stylelint cannot locate 'stylelint'
[10/08/2018 11:12:19AM] WARNING - 
Oops! Something went wrong! :(

ESLint: 4.18.2.
ESLint couldn't find a configuration file. To set up a configuration file for this project, please run:

    eslint --init

ESLint looked for configuration files in /Users/sebastian/dev/pwh-cli and its ancestors. If it found none, it then looked in your home directory.

If you think you already have a configuration file or if you need more help, please stop by the ESLint chat room: https://gitter.im/eslint/eslint


[10/08/2018 11:12:19AM] WARNING - stylelint cannot locate 'stylelint'
[10/08/2018 11:12:19AM] WARNING - 
Oops! Something went wrong! :(

ESLint: 4.18.2.
ESLint couldn't find a configuration file. To set up a configuration file for this project, please run:

    eslint --init

ESLint looked for configuration files in /Users/sebastian/dev/pwh-cli and its ancestors. If it found none, it then looked in your home directory.

If you think you already have a configuration file or if you need more help, please stop by the ESLint chat room: https://gitter.im/eslint/eslint


[10/08/2018 11:12:49AM] WARNING - stylelint cannot locate 'stylelint'
[10/08/2018 11:12:49AM] WARNING - 
Oops! Something went wrong! :(

ESLint: 4.18.2.
ESLint couldn't find a configuration file. To set up a configuration file for this project, please run:

    eslint --init

ESLint looked for configuration files in /Users/sebastian/dev/pwh-cli and its ancestors. If it found none, it then looked in your home directory.

If you think you already have a configuration file or if you need more help, please stop by the ESLint chat room: https://gitter.im/eslint/eslint


[10/08/2018 11:12:51AM] WARNING - stylelint cannot locate 'stylelint'
[10/08/2018 11:12:51AM] WARNING - 
Oops! Something went wrong! :(

ESLint: 4.18.2.
ESLint couldn't find a configuration file. To set up a configuration file for this project, please run:

    eslint --init

ESLint looked for configuration files in /Users/sebastian/dev/pwh-cli and its ancestors. If it found none, it then looked in your home directory.

If you think you already have a configuration file or if you need more help, please stop by the ESLint chat room: https://gitter.im/eslint/eslint


[10/08/2018 11:12:54AM] WARNING - stylelint cannot locate 'stylelint'
[10/08/2018 11:12:54AM] WARNING - 
Oops! Something went wrong! :(

ESLint: 4.18.2.
ESLint couldn't find a configuration file. To set up a configuration file for this project, please run:

    eslint --init

ESLint looked for configuration files in /Users/sebastian/dev/pwh-cli and its ancestors. If it found none, it then looked in your home directory.

If you think you already have a configuration file or if you need more help, please stop by the ESLint chat room: https://gitter.im/eslint/eslint


[10/08/2018 11:12:59AM] WARNING - stylelint cannot locate 'stylelint'
[10/08/2018 11:12:59AM] WARNING - 
Oops! Something went wrong! :(

ESLint: 4.18.2.
ESLint couldn't find a configuration file. To set up a configuration file for this project, please run:

    eslint --init

ESLint looked for configuration files in /Users/sebastian/dev/pwh-cli and its ancestors. If it found none, it then looked in your home directory.

If you think you already have a configuration file or if you need more help, please stop by the ESLint chat room: https://gitter.im/eslint/eslint


[10/08/2018 11:13:09AM] WARNING - stylelint cannot locate 'stylelint'
[10/08/2018 11:13:09AM] WARNING - 
Oops! Something went wrong! :(

ESLint: 4.18.2.
ESLint couldn't find a configuration file. To set up a configuration file for this project, please run:

    eslint --init

ESLint looked for configuration files in /Users/sebastian/dev/pwh-cli and its ancestors. If it found none, it then looked in your home directory.

If you think you already have a configuration file or if you need more help, please stop by the ESLint chat room: https://gitter.im/eslint/eslint


[10/08/2018 11:19:41AM] WARNING - stylelint cannot locate 'stylelint'
[10/08/2018 11:19:41AM] WARNING - 
Oops! Something went wrong! :(

ESLint: 4.18.2.
ESLint couldn't find a configuration file. To set up a configuration file for this project, please run:

    eslint --init

ESLint looked for configuration files in /Users/sebastian/dev/pwh-cli and its ancestors. If it found none, it then looked in your home directory.

If you think you already have a configuration file or if you need more help, please stop by the ESLint chat room: https://gitter.im/eslint/eslint


[10/08/2018 11:19:42AM] WARNING - stylelint cannot locate 'stylelint'
[10/08/2018 11:19:42AM] WARNING - 
Oops! Something went wrong! :(

ESLint: 4.18.2.
ESLint couldn't find a configuration file. To set up a configuration file for this project, please run:

    eslint --init

ESLint looked for configuration files in /Users/sebastian/dev/pwh-cli and its ancestors. If it found none, it then looked in your home directory.

If you think you already have a configuration file or if you need more help, please stop by the ESLint chat room: https://gitter.im/eslint/eslint


[10/08/2018 11:19:46AM] WARNING - stylelint cannot locate 'stylelint'
[10/08/2018 11:19:47AM] WARNING - stylelint cannot locate 'stylelint'
[10/08/2018 11:19:47AM] WARNING - stylelint cannot locate 'stylelint'
[10/08/2018 11:19:47AM] WARNING - 
Oops! Something went wrong! :(

ESLint: 4.18.2.
ESLint couldn't find a configuration file. To set up a configuration file for this project, please run:

    eslint --init

ESLint looked for configuration files in /Users/sebastian/dev/pwh-cli and its ancestors. If it found none, it then looked in your home directory.

If you think you already have a configuration file or if you need more help, please stop by the ESLint chat room: https://gitter.im/eslint/eslint


[10/08/2018 11:19:55AM] WARNING - stylelint cannot locate 'stylelint'
[10/08/2018 11:19:55AM] WARNING - 
Oops! Something went wrong! :(

ESLint: 4.18.2.
ESLint couldn't find a configuration file. To set up a configuration file for this project, please run:

    eslint --init

ESLint looked for configuration files in /Users/sebastian/dev/pwh-cli and its ancestors. If it found none, it then looked in your home directory.

If you think you already have a configuration file or if you need more help, please stop by the ESLint chat room: https://gitter.im/eslint/eslint


[10/08/2018 11:21:25AM] WARNING - stylelint cannot locate 'stylelint'
[10/08/2018 11:21:26AM] WARNING - 
Oops! Something went wrong! :(

ESLint: 4.18.2.
ESLint couldn't find a configuration file. To set up a configuration file for this project, please run:

    eslint --init

ESLint looked for configuration files in /Users/sebastian/dev/pwh-cli and its ancestors. If it found none, it then looked in your home directory.

If you think you already have a configuration file or if you need more help, please stop by the ESLint chat room: https://gitter.im/eslint/eslint


[10/08/2018 11:21:26AM] WARNING - stylelint cannot locate 'stylelint'
[10/08/2018 11:21:27AM] WARNING - stylelint cannot locate 'stylelint'
[10/08/2018 11:21:27AM] WARNING - stylelint cannot locate 'stylelint'
[10/08/2018 11:21:27AM] WARNING - stylelint cannot locate 'stylelint'
[10/08/2018 11:21:28AM] WARNING - 
Oops! Something went wrong! :(

ESLint: 4.18.2.
ESLint couldn't find a configuration file. To set up a configuration file for this project, please run:

    eslint --init

ESLint looked for configuration files in /Users/sebastian/dev/pwh-cli and its ancestors. If it found none, it then looked in your home directory.

If you think you already have a configuration file or if you need more help, please stop by the ESLint chat room: https://gitter.im/eslint/eslint


[10/08/2018 11:21:28AM] WARNING - stylelint cannot locate 'stylelint'
[10/08/2018 11:21:28AM] WARNING - 
Oops! Something went wrong! :(

ESLint: 4.18.2.
ESLint couldn't find a configuration file. To set up a configuration file for this project, please run:

    eslint --init

ESLint looked for configuration files in /Users/sebastian/dev/pwh-cli and its ancestors. If it found none, it then looked in your home directory.

If you think you already have a configuration file or if you need more help, please stop by the ESLint chat room: https://gitter.im/eslint/eslint


[10/08/2018 11:21:36AM] WARNING - stylelint cannot locate 'stylelint'
[10/08/2018 11:21:36AM] WARNING - stylelint cannot locate 'stylelint'
[10/08/2018 11:21:36AM] WARNING - 
Oops! Something went wrong! :(

ESLint: 4.18.2.
ESLint couldn't find a configuration file. To set up a configuration file for this project, please run:

    eslint --init

ESLint looked for configuration files in /Users/sebastian/dev/pwh-cli and its ancestors. If it found none, it then looked in your home directory.

If you think you already have a configuration file or if you need more help, please stop by the ESLint chat room: https://gitter.im/eslint/eslint


[10/08/2018 11:21:37AM] WARNING - stylelint cannot locate 'stylelint'
[10/08/2018 11:21:37AM] WARNING - stylelint cannot locate 'stylelint'
[10/08/2018 11:21:38AM] WARNING - 
Oops! Something went wrong! :(

ESLint: 4.18.2.
ESLint couldn't find a configuration file. To set up a configuration file for this project, please run:

    eslint --init

ESLint looked for configuration files in /Users/sebastian/dev/pwh-cli and its ancestors. If it found none, it then looked in your home directory.

If you think you already have a configuration file or if you need more help, please stop by the ESLint chat room: https://gitter.im/eslint/eslint


[10/08/2018 11:21:40AM] WARNING - stylelint cannot locate 'stylelint'
[10/08/2018 11:21:40AM] WARNING - 
Oops! Something went wrong! :(

ESLint: 4.18.2.
ESLint couldn't find a configuration file. To set up a configuration file for this project, please run:

    eslint --init

ESLint looked for configuration files in /Users/sebastian/dev/pwh-cli and its ancestors. If it found none, it then looked in your home directory.

If you think you already have a configuration file or if you need more help, please stop by the ESLint chat room: https://gitter.im/eslint/eslint


[10/08/2018 11:21:44AM] WARNING - stylelint cannot locate 'stylelint'
[10/08/2018 11:21:44AM] WARNING - 
Oops! Something went wrong! :(

ESLint: 4.18.2.
ESLint couldn't find a configuration file. To set up a configuration file for this project, please run:

    eslint --init

ESLint looked for configuration files in /Users/sebastian/dev/pwh-cli and its ancestors. If it found none, it then looked in your home directory.

If you think you already have a configuration file or if you need more help, please stop by the ESLint chat room: https://gitter.im/eslint/eslint


[10/08/2018 11:21:45AM] WARNING - stylelint cannot locate 'stylelint'
[10/08/2018 11:21:45AM] WARNING - stylelint cannot locate 'stylelint'
[10/08/2018 11:21:45AM] WARNING - 
Oops! Something went wrong! :(

ESLint: 4.18.2.
ESLint couldn't find a configuration file. To set up a configuration file for this project, please run:

    eslint --init

ESLint looked for configuration files in /Users/sebastian/dev/pwh-cli and its ancestors. If it found none, it then looked in your home directory.

If you think you already have a configuration file or if you need more help, please stop by the ESLint chat room: https://gitter.im/eslint/eslint


[10/08/2018 11:21:55AM] WARNING - stylelint cannot locate 'stylelint'
[10/08/2018 11:21:55AM] WARNING - 
Oops! Something went wrong! :(

ESLint: 4.18.2.
ESLint couldn't find a configuration file. To set up a configuration file for this project, please run:

    eslint --init

ESLint looked for configuration files in /Users/sebastian/dev/pwh-cli and its ancestors. If it found none, it then looked in your home directory.

If you think you already have a configuration file or if you need more help, please stop by the ESLint chat room: https://gitter.im/eslint/eslint


[10/08/2018 11:22:16AM] WARNING - 
Oops! Something went wrong! :(

ESLint: 4.18.2.
ESLint couldn't find a configuration file. To set up a configuration file for this project, please run:

    eslint --init

ESLint looked for configuration files in /Users/sebastian/dev/pwh-cli and its ancestors. If it found none, it then looked in your home directory.

If you think you already have a configuration file or if you need more help, please stop by the ESLint chat room: https://gitter.im/eslint/eslint


[10/08/2018 12:21:31PM] WARNING - Invalid option ""3"" for rule max-empty-lines
